<?xml version="1.0" encoding="UTF-8"?>
<!-- Generated by org.testng.reporters.JUnitReportReporter -->
<testsuite skipped="0" hostname="ITF222R" name="com.QACart.Academy.Tests.InfoTest" tests="1" failures="0" timestamp="31 Aug 2023 12:43:44 GMT" time="2.759" errors="0">
  <testcase name="ShouldBeAbleToGetCourses" time="2.759" classname="com.QACart.Academy.Tests.InfoTest"/>
</testsuite> <!-- com.QACart.Academy.Tests.InfoTest -->
